<?xml version="1.0" encoding="UTF-8"?>
<testsuite xmlns:xsi="http://www.w3.org/2001/XMLSchema-instance" xsi:noNamespaceSchemaLocation="https://maven.apache.org/surefire/maven-surefire-plugin/xsd/surefire-test-report.xsd" name="TestSuite" time="38.44" tests="1" errors="0" skipped="0" failures="1">
  <properties>
[...]
</properties>
  <testcase name="AddCustomer" classname="com.inetBanking.testCases.TC_AddCustomer_003" time="31.528">
    <failure message="unexpected alert open: {Alert text : Customer could not be added !!}&#10;  (Session info: chrome=78.0.3904.87): Customer could not be added !!&#10;Build info: version: &apos;3.141.59&apos;, revision: &apos;e82be7d358&apos;, time: &apos;2018-11-14T08:17:03&apos;&#10;System info: host: &apos;KRISHNAA-PC&apos;, ip: &apos;192.168.7.82&apos;, os.name: &apos;Windows 7&apos;, os.arch: &apos;amd64&apos;, os.version: &apos;6.1&apos;, java.version: &apos;12.0.1&apos;&#10;Driver info: org.openqa.selenium.chrome.ChromeDriver&#10;Capabilities {acceptInsecureCerts: false, browserName: chrome, browserVersion: 78.0.3904.87, chrome: {chromedriverVersion: 78.0.3904.70 (edb9c9f3de024..., userDataDir: C:\Windows\TEMP\scoped_dir2...}, goog:chromeOptions: {debuggerAddress: localhost:52929}, javascriptEnabled: true, networkConnectionEnabled: false, pageLoadStrategy: normal, platform: XP, platformName: XP, proxy: Proxy(), setWindowRect: true, strictFileInteractability: false, timeouts: {implicit: 0, pageLoad: 300000, script: 30000}, unhandledPromptBehavior: dismiss and notify}&#10;Session ID: 6603ef21518a35653cb13934230b361c" type="org.openqa.selenium.UnhandledAlertException">org.openqa.selenium.UnhandledAlertException: 
unexpected alert open: {Alert text : Customer could not be added !!}
  (Session info: chrome=78.0.3904.87): Customer could not be added !!
Build info: version: '3.141.59', revision: 'e82be7d358', time: '2018-11-14T08:17:03'
System info: host: 'KRISHNAA-PC', ip: '192.168.7.82', os.name: 'Windows 7', os.arch: 'amd64', os.version: '6.1', java.version: '12.0.1'
Driver info: org.openqa.selenium.chrome.ChromeDriver
Capabilities {acceptInsecureCerts: false, browserName: chrome, browserVersion: 78.0.3904.87, chrome: {chromedriverVersion: 78.0.3904.70 (edb9c9f3de024..., userDataDir: C:\Windows\TEMP\scoped_dir2...}, goog:chromeOptions: {debuggerAddress: localhost:52929}, javascriptEnabled: true, networkConnectionEnabled: false, pageLoadStrategy: normal, platform: XP, platformName: XP, proxy: Proxy(), setWindowRect: true, strictFileInteractability: false, timeouts: {implicit: 0, pageLoad: 300000, script: 30000}, unhandledPromptBehavior: dismiss and notify}
Session ID: 6603ef21518a35653cb13934230b361c
	at com.inetBanking.testCases.TC_AddCustomer_003.AddCustomer(TC_AddCustomer_003.java:120)
</failure>
    <system-out><![CDATA[C:\Users\Krishnaa\eclipse-workspace\SDET_Framework\test-output\Test-Report2019_11_09_02_11_33.html
C:\Users\Krishnaa\eclipse-workspace\SDET_Framework\extent-config.xml
chrome
 INFO [main] (ReadConfig.java:17)- Config reader started
 INFO [main] (ReadConfig.java:23)- Properties loaded
http://demo.guru99.com/v4/
 INFO [main] (TC_AddCustomer_003.java:29)- URL is opened
 INFO [main] (TC_AddCustomer_003.java:32)- Login Page OBJ
mngr229461
ydutuge
 INFO [main] (TC_AddCustomer_003.java:39)- Login Page Done
 INFO [main] (TC_AddCustomer_003.java:52)- Add Customer Page OBJ
 INFO [main] (TC_AddCustomer_003.java:57)- Add Customer loadingUser1soc
 INFO [main] (TC_AddCustomer_003.java:59)- 9000 loading
 INFO [main] (TC_AddCustomer_003.java:62)- User Name provided
repodescribe
 INFO [main] (TC_AddCustomer_003.java:67)- gender provided
repodescribe
 INFO [main] (TC_AddCustomer_003.java:73)- dob provided
repodescribe
 INFO [main] (TC_AddCustomer_003.java:78)- counr provided
repodescribe
 INFO [main] (TC_AddCustomer_003.java:83)- place/ci provided
repodescribe
 INFO [main] (TC_AddCustomer_003.java:88)- sae provided
repodescribe
 INFO [main] (TC_AddCustomer_003.java:91)- 0692
 INFO [main] (TC_AddCustomer_003.java:94)- pin provided
repodescribe
 INFO [main] (TC_AddCustomer_003.java:99)- email provided. xBpnani.soc@gmail.com
repodescribe
 INFO [main] (TC_AddCustomer_003.java:105)- Phone # provided
repodescribe
 INFO [main] (TC_AddCustomer_003.java:110)- Password # provided
 INFO [main] (TC_AddCustomer_003.java:113)- Done ...FormSub 
repodescribe
]]></system-out>
    <system-err><![CDATA[Starting ChromeDriver 78.0.3904.70 (edb9c9f3de0247fd912a77b7f6cae7447f6d3ad5-refs/branch-heads/3904@{#800}) on port 35469
Only local connections are allowed.
Please protect ports used by ChromeDriver and related test frameworks to prevent access by malicious code.
Nov 09, 2019 2:35:38 AM org.openqa.selenium.remote.ProtocolHandshake createSession
INFO: Detected dialect: W3C
]]></system-err>
  </testcase>
</testsuite>